Determining if the pthread_create exist failed with the following output:
Change Dir: /home/rich/simulation_ws/src/ORBSLAM2_with_pointcloud_map/ORB_SLAM2_modified/build/CMakeFiles/CMakeTmp

Run Build Command:"/usr/bin/make" "cmTC_e545a/fast"
/usr/bin/make -f CMakeFiles/cmTC_e545a.dir/build.make CMakeFiles/cmTC_e545a.dir/build
make[1]: 进入目录“/home/rich/simulation_ws/src/ORBSLAM2_with_pointcloud_map/ORB_SLAM2_modified/build/CMakeFiles/CMakeTmp”
Building C object CMakeFiles/cmTC_e545a.dir/CheckSymbolExists.c.o
/usr/bin/cc   -Wall  -O3     -o CMakeFiles/cmTC_e545a.dir/CheckSymbolExists.c.o   -c /home/rich/simulation_ws/src/ORBSLAM2_with_pointcloud_map/ORB_SLAM2_modified/build/CMakeFiles/CMakeTmp/CheckSymbolExists.c
Linking C executable cmTC_e545a
/usr/bin/cmake -E cmake_link_script CMakeFiles/cmTC_e545a.dir/link.txt --verbose=1
/usr/bin/cc   -Wall  -O3      -rdynamic CMakeFiles/cmTC_e545a.dir/CheckSymbolExists.c.o  -o cmTC_e545a 
CMakeFiles/cmTC_e545a.dir/CheckSymbolExists.c.o：在函数‘main’中：
CheckSymbolExists.c:(.text.startup+0x3)：对‘pthread_create’未定义的引用
collect2: error: ld returned 1 exit status
CMakeFiles/cmTC_e545a.dir/build.make:97: recipe for target 'cmTC_e545a' failed
make[1]: *** [cmTC_e545a] Error 1
make[1]: 离开目录“/home/rich/simulation_ws/src/ORBSLAM2_with_pointcloud_map/ORB_SLAM2_modified/build/CMakeFiles/CMakeTmp”
Makefile:126: recipe for target 'cmTC_e545a/fast' failed
make: *** [cmTC_e545a/fast] Error 2

File /home/rich/simulation_ws/src/ORBSLAM2_with_pointcloud_map/ORB_SLAM2_modified/build/CMakeFiles/CMakeTmp/CheckSymbolExists.c:
/* */
#include <pthread.h>

int main(int argc, char** argv)
{
  (void)argv;
#ifndef pthread_create
  return ((int*)(&pthread_create))[argc];
#else
  (void)argc;
  return 0;
#endif
}

Determining if the function pthread_create exists in the pthreads failed with the following output:
Change Dir: /home/rich/simulation_ws/src/ORBSLAM2_with_pointcloud_map/ORB_SLAM2_modified/build/CMakeFiles/CMakeTmp

Run Build Command:"/usr/bin/make" "cmTC_88e68/fast"
/usr/bin/make -f CMakeFiles/cmTC_88e68.dir/build.make CMakeFiles/cmTC_88e68.dir/build
make[1]: 进入目录“/home/rich/simulation_ws/src/ORBSLAM2_with_pointcloud_map/ORB_SLAM2_modified/build/CMakeFiles/CMakeTmp”
Building C object CMakeFiles/cmTC_88e68.dir/CheckFunctionExists.c.o
/usr/bin/cc   -Wall  -O3  -DCHECK_FUNCTION_EXISTS=pthread_create   -o CMakeFiles/cmTC_88e68.dir/CheckFunctionExists.c.o   -c /usr/share/cmake-3.10/Modules/CheckFunctionExists.c
Linking C executable cmTC_88e68
/usr/bin/cmake -E cmake_link_script CMakeFiles/cmTC_88e68.dir/link.txt --verbose=1
/usr/bin/cc   -Wall  -O3  -DCHECK_FUNCTION_EXISTS=pthread_create    -rdynamic CMakeFiles/cmTC_88e68.dir/CheckFunctionExists.c.o  -o cmTC_88e68 -lpthreads 
/usr/bin/ld: 找不到 -lpthreads
collect2: error: ld returned 1 exit status
CMakeFiles/cmTC_88e68.dir/build.make:97: recipe for target 'cmTC_88e68' failed
make[1]: *** [cmTC_88e68] Error 1
make[1]: 离开目录“/home/rich/simulation_ws/src/ORBSLAM2_with_pointcloud_map/ORB_SLAM2_modified/build/CMakeFiles/CMakeTmp”
Makefile:126: recipe for target 'cmTC_88e68/fast' failed
make: *** [cmTC_88e68/fast] Error 2


